Copyright 1986-2018 Xilinx, Inc. All Rights Reserved.
----------------------------------------------------------------------------------------------------------------------------------------------------------------------------------
| Tool Version     : Vivado v.2018.3 (lin64) Build 2405991 Thu Dec  6 23:36:41 MST 2018
| Date             : Mon Sep 30 13:34:52 2019
| Host             : rootie-ThinkPad-X1 running 64-bit Ubuntu 18.04.3 LTS
| Command          : report_power -file risc16System_wrapper_power_routed.rpt -pb risc16System_wrapper_power_summary_routed.pb -rpx risc16System_wrapper_power_routed.rpx
| Design           : risc16System_wrapper
| Device           : xc7a100tcsg324-1
| Design State     : routed
| Grade            : commercial
| Process          : typical
| Characterization : Production
----------------------------------------------------------------------------------------------------------------------------------------------------------------------------------

Power Report

Table of Contents
-----------------
1. Summary
1.1 On-Chip Components
1.2 Power Supply Summary
1.3 Confidence Level
2. Settings
2.1 Environment
2.2 Clock Constraints
3. Detailed Reports
3.1 By Hierarchy

1. Summary
----------

+--------------------------+--------------+
| Total On-Chip Power (W)  | 0.395        |
| Design Power Budget (W)  | Unspecified* |
| Power Budget Margin (W)  | NA           |
| Dynamic (W)              | 0.297        |
| Device Static (W)        | 0.098        |
| Effective TJA (C/W)      | 4.6          |
| Max Ambient (C)          | 83.2         |
| Junction Temperature (C) | 26.8         |
| Confidence Level         | Low          |
| Setting File             | ---          |
| Simulation Activity File | ---          |
| Design Nets Matched      | NA           |
+--------------------------+--------------+
* Specify Design Power Budget using, set_operating_conditions -design_power_budget <value in Watts>


1.1 On-Chip Components
----------------------

+----------------+-----------+----------+-----------+-----------------+
| On-Chip        | Power (W) | Used     | Available | Utilization (%) |
+----------------+-----------+----------+-----------+-----------------+
| Clocks         |     0.028 |        9 |       --- |             --- |
| Slice Logic    |     0.013 |     9672 |       --- |             --- |
|   LUT as Logic |     0.012 |     3390 |     63400 |            5.35 |
|   F7/F8 Muxes  |     0.001 |     1654 |     63400 |            2.61 |
|   CARRY4       |    <0.001 |       14 |     15850 |            0.09 |
|   Register     |    <0.001 |     4443 |    126800 |            3.50 |
|   Others       |     0.000 |       27 |       --- |             --- |
| Signals        |     0.023 |     6243 |       --- |             --- |
| MMCM           |     0.202 |        2 |         6 |           33.33 |
| I/O            |     0.030 |       41 |       210 |           19.52 |
| Static Power   |     0.098 |          |           |                 |
| Total          |     0.395 |          |           |                 |
+----------------+-----------+----------+-----------+-----------------+


1.2 Power Supply Summary
------------------------

+-----------+-------------+-----------+-------------+------------+
| Source    | Voltage (V) | Total (A) | Dynamic (A) | Static (A) |
+-----------+-------------+-----------+-------------+------------+
| Vccint    |       1.000 |     0.081 |       0.065 |      0.016 |
| Vccaux    |       1.800 |     0.131 |       0.113 |      0.018 |
| Vcco33    |       3.300 |     0.013 |       0.009 |      0.004 |
| Vcco25    |       2.500 |     0.000 |       0.000 |      0.000 |
| Vcco18    |       1.800 |     0.000 |       0.000 |      0.000 |
| Vcco15    |       1.500 |     0.000 |       0.000 |      0.000 |
| Vcco135   |       1.350 |     0.000 |       0.000 |      0.000 |
| Vcco12    |       1.200 |     0.000 |       0.000 |      0.000 |
| Vccaux_io |       1.800 |     0.000 |       0.000 |      0.000 |
| Vccbram   |       1.000 |     0.000 |       0.000 |      0.000 |
| MGTAVcc   |       1.000 |     0.000 |       0.000 |      0.000 |
| MGTAVtt   |       1.200 |     0.000 |       0.000 |      0.000 |
| Vccadc    |       1.800 |     0.020 |       0.000 |      0.020 |
+-----------+-------------+-----------+-------------+------------+


1.3 Confidence Level
--------------------

+-----------------------------+------------+--------------------------------------------------------+------------------------------------------------------------------------------------------------------------+
| User Input Data             | Confidence | Details                                                | Action                                                                                                     |
+-----------------------------+------------+--------------------------------------------------------+------------------------------------------------------------------------------------------------------------+
| Design implementation state | High       | Design is routed                                       |                                                                                                            |
| Clock nodes activity        | High       | User specified more than 95% of clocks                 |                                                                                                            |
| I/O nodes activity          | Low        | More than 75% of inputs are missing user specification | Provide missing input activity with simulation results or by editing the "By Resource Type -> I/Os" view   |
| Internal nodes activity     | Medium     | User specified less than 25% of internal nodes         | Provide missing internal nodes activity with simulation results or by editing the "By Resource Type" views |
| Device models               | High       | Device models are Production                           |                                                                                                            |
|                             |            |                                                        |                                                                                                            |
| Overall confidence level    | Low        |                                                        |                                                                                                            |
+-----------------------------+------------+--------------------------------------------------------+------------------------------------------------------------------------------------------------------------+


2. Settings
-----------

2.1 Environment
---------------

+-----------------------+--------------------------+
| Ambient Temp (C)      | 25.0                     |
| ThetaJA (C/W)         | 4.6                      |
| Airflow (LFM)         | 250                      |
| Heat Sink             | medium (Medium Profile)  |
| ThetaSA (C/W)         | 4.6                      |
| Board Selection       | medium (10"x10")         |
| # of Board Layers     | 12to15 (12 to 15 Layers) |
| Board Temperature (C) | 25.0                     |
+-----------------------+--------------------------+


2.2 Clock Constraints
---------------------

+-----------------------------------+---------------------------------------------------------------------+-----------------+
| Clock                             | Domain                                                              | Constraint (ns) |
+-----------------------------------+---------------------------------------------------------------------+-----------------+
| clk_out1_risc16System_clk_wiz_0_0 | risc16System_i/CLK_5MHz/inst/clk_out1_risc16System_clk_wiz_0_0      |           200.0 |
| clk_out1_risc16System_clk_wiz_0_1 | risc16System_i/VGA_25MHz_CLK/inst/clk_out1_risc16System_clk_wiz_0_1 |            40.0 |
| clkfbout_risc16System_clk_wiz_0_0 | risc16System_i/CLK_5MHz/inst/clkfbout_risc16System_clk_wiz_0_0      |            50.0 |
| clkfbout_risc16System_clk_wiz_0_1 | risc16System_i/VGA_25MHz_CLK/inst/clkfbout_risc16System_clk_wiz_0_1 |            10.0 |
| sys_clk_pin                       | clk                                                                 |            10.0 |
| sys_clk_pin                       | clk_IBUF_BUFG                                                       |            10.0 |
+-----------------------------------+---------------------------------------------------------------------+-----------------+


3. Detailed Reports
-------------------

3.1 By Hierarchy
----------------

+----------------------+-----------+
| Name                 | Power (W) |
+----------------------+-----------+
| risc16System_wrapper |     0.297 |
|   risc16System_i     |     0.266 |
|     CLK_5MHz         |     0.086 |
|       inst           |     0.086 |
|     CPU_Programmer   |     0.001 |
|       inst           |     0.001 |
|     MEM              |     0.048 |
|       inst           |     0.048 |
|     Risc16_CPU       |     0.012 |
|       inst           |     0.012 |
|     VGA_25MHz_CLK    |     0.117 |
|       inst           |     0.117 |
+----------------------+-----------+


