
*** Running vivado
    with args -log risc16System_io_regs_0_0.vds -m64 -product Vivado -mode batch -messageDb vivado.pb -notrace -source risc16System_io_regs_0_0.tcl


****** Vivado v2018.3 (64-bit)
  **** SW Build 2405991 on Thu Dec  6 23:36:41 MST 2018
  **** IP Build 2404404 on Fri Dec  7 01:43:56 MST 2018
    ** Copyright 1986-2018 Xilinx, Inc. All Rights Reserved.

source risc16System_io_regs_0_0.tcl -notrace
Command: synth_design -top risc16System_io_regs_0_0 -part xc7a100tcsg324-1 -mode out_of_context
Starting synth_design
Attempting to get a license for feature 'Synthesis' and/or device 'xc7a100t'
INFO: [Common 17-349] Got license for feature 'Synthesis' and/or device 'xc7a100t'
INFO: Launching helper process for spawning children vivado processes
INFO: Helper process launched with PID 27040 
---------------------------------------------------------------------------------
Starting RTL Elaboration : Time (s): cpu = 00:00:02 ; elapsed = 00:00:02 . Memory (MB): peak = 1389.824 ; gain = 26.816 ; free physical = 17799 ; free virtual = 25651
---------------------------------------------------------------------------------
INFO: [Synth 8-6157] synthesizing module 'risc16System_io_regs_0_0' [/home/rootie/devel/homebrew-computer/implementation/risc16/risc16.srcs/sources_1/bd/risc16System/ip/risc16System_io_regs_0_0/synth/risc16System_io_regs_0_0.v:58]
INFO: [Synth 8-6157] synthesizing module 'io_regs' [/home/rootie/devel/homebrew-computer/implementation/risc16/risc16.srcs/sources_1/new/io_regs.v:23]
INFO: [Synth 8-6155] done synthesizing module 'io_regs' (1#1) [/home/rootie/devel/homebrew-computer/implementation/risc16/risc16.srcs/sources_1/new/io_regs.v:23]
INFO: [Synth 8-6155] done synthesizing module 'risc16System_io_regs_0_0' (2#1) [/home/rootie/devel/homebrew-computer/implementation/risc16/risc16.srcs/sources_1/bd/risc16System/ip/risc16System_io_regs_0_0/synth/risc16System_io_regs_0_0.v:58]
WARNING: [Synth 8-3331] design io_regs has unconnected port addr[15]
WARNING: [Synth 8-3331] design io_regs has unconnected port addr[14]
WARNING: [Synth 8-3331] design io_regs has unconnected port addr[13]
WARNING: [Synth 8-3331] design io_regs has unconnected port addr[12]
WARNING: [Synth 8-3331] design io_regs has unconnected port addr[11]
WARNING: [Synth 8-3331] design io_regs has unconnected port addr[10]
WARNING: [Synth 8-3331] design io_regs has unconnected port addr[9]
WARNING: [Synth 8-3331] design io_regs has unconnected port addr[8]
WARNING: [Synth 8-3331] design io_regs has unconnected port addr[7]
WARNING: [Synth 8-3331] design io_regs has unconnected port addr[6]
WARNING: [Synth 8-3331] design io_regs has unconnected port addr[5]
WARNING: [Synth 8-3331] design io_regs has unconnected port addr[4]
WARNING: [Synth 8-3331] design io_regs has unconnected port addr[3]
WARNING: [Synth 8-3331] design io_regs has unconnected port addr[2]
WARNING: [Synth 8-3331] design io_regs has unconnected port addr[1]
WARNING: [Synth 8-3331] design io_regs has unconnected port data[15]
WARNING: [Synth 8-3331] design io_regs has unconnected port data[14]
WARNING: [Synth 8-3331] design io_regs has unconnected port data[13]
WARNING: [Synth 8-3331] design io_regs has unconnected port data[12]
WARNING: [Synth 8-3331] design io_regs has unconnected port data[11]
WARNING: [Synth 8-3331] design io_regs has unconnected port data[10]
WARNING: [Synth 8-3331] design io_regs has unconnected port data[9]
WARNING: [Synth 8-3331] design io_regs has unconnected port data[8]
WARNING: [Synth 8-3331] design io_regs has unconnected port data[7]
WARNING: [Synth 8-3331] design io_regs has unconnected port data[6]
WARNING: [Synth 8-3331] design io_regs has unconnected port data[5]
WARNING: [Synth 8-3331] design io_regs has unconnected port data[4]
WARNING: [Synth 8-3331] design io_regs has unconnected port data[3]
WARNING: [Synth 8-3331] design io_regs has unconnected port data[2]
WARNING: [Synth 8-3331] design io_regs has unconnected port data[1]
WARNING: [Synth 8-3331] design io_regs has unconnected port data[0]
WARNING: [Synth 8-3331] design io_regs has unconnected port rw
---------------------------------------------------------------------------------
Finished RTL Elaboration : Time (s): cpu = 00:00:03 ; elapsed = 00:00:03 . Memory (MB): peak = 1435.574 ; gain = 72.566 ; free physical = 17927 ; free virtual = 25779
---------------------------------------------------------------------------------

Report Check Netlist: 
+------+------------------+-------+---------+-------+------------------+
|      |Item              |Errors |Warnings |Status |Description       |
+------+------------------+-------+---------+-------+------------------+
|1     |multi_driven_nets |      0|        0|Passed |Multi driven nets |
+------+------------------+-------+---------+-------+------------------+
---------------------------------------------------------------------------------
Start Handling Custom Attributes
---------------------------------------------------------------------------------
---------------------------------------------------------------------------------
Finished Handling Custom Attributes : Time (s): cpu = 00:00:03 ; elapsed = 00:00:03 . Memory (MB): peak = 1435.574 ; gain = 72.566 ; free physical = 18012 ; free virtual = 25865
---------------------------------------------------------------------------------
---------------------------------------------------------------------------------
Finished RTL Optimization Phase 1 : Time (s): cpu = 00:00:03 ; elapsed = 00:00:03 . Memory (MB): peak = 1435.574 ; gain = 72.566 ; free physical = 18012 ; free virtual = 25865
---------------------------------------------------------------------------------
INFO: [Device 21-403] Loading part xc7a100tcsg324-1
INFO: [Project 1-570] Preparing netlist for logic optimization

Processing XDC Constraints
Initializing timing engine
Completed Processing XDC Constraints

Netlist sorting complete. Time (s): cpu = 00:00:00 ; elapsed = 00:00:00 . Memory (MB): peak = 1777.406 ; gain = 0.000 ; free physical = 17194 ; free virtual = 25047
INFO: [Project 1-111] Unisim Transformation Summary:
No Unisim elements were transformed.

Netlist sorting complete. Time (s): cpu = 00:00:00 ; elapsed = 00:00:00 . Memory (MB): peak = 1777.406 ; gain = 0.000 ; free physical = 17194 ; free virtual = 25047
WARNING: [Constraints 18-5210] No constraints selected for write.
Resolution: This message can indicate that there are no constraints for the design, or it can indicate that the used_in flags are set such that the constraints are ignored. This later case is used when running synth_design to not write synthesis constraints to the resulting checkpoint. Instead, project constraints are read when the synthesized design is opened.
Constraint Validation Runtime : Time (s): cpu = 00:00:00.05 ; elapsed = 00:00:00.10 . Memory (MB): peak = 1778.406 ; gain = 1.000 ; free physical = 17780 ; free virtual = 25633
---------------------------------------------------------------------------------
Finished Constraint Validation : Time (s): cpu = 00:00:08 ; elapsed = 00:00:09 . Memory (MB): peak = 1778.406 ; gain = 415.398 ; free physical = 17789 ; free virtual = 25642
---------------------------------------------------------------------------------
---------------------------------------------------------------------------------
Start Loading Part and Timing Information
---------------------------------------------------------------------------------
Loading part: xc7a100tcsg324-1
---------------------------------------------------------------------------------
Finished Loading Part and Timing Information : Time (s): cpu = 00:00:08 ; elapsed = 00:00:09 . Memory (MB): peak = 1778.406 ; gain = 415.398 ; free physical = 17789 ; free virtual = 25642
---------------------------------------------------------------------------------
---------------------------------------------------------------------------------
Start Applying 'set_property' XDC Constraints
---------------------------------------------------------------------------------
---------------------------------------------------------------------------------
Finished applying 'set_property' XDC Constraints : Time (s): cpu = 00:00:08 ; elapsed = 00:00:09 . Memory (MB): peak = 1778.406 ; gain = 415.398 ; free physical = 17880 ; free virtual = 25733
---------------------------------------------------------------------------------
---------------------------------------------------------------------------------
Finished RTL Optimization Phase 2 : Time (s): cpu = 00:00:08 ; elapsed = 00:00:10 . Memory (MB): peak = 1778.406 ; gain = 415.398 ; free physical = 17751 ; free virtual = 25604
---------------------------------------------------------------------------------

Report RTL Partitions: 
+-+--------------+------------+----------+
| |RTL Partition |Replication |Instances |
+-+--------------+------------+----------+
+-+--------------+------------+----------+
---------------------------------------------------------------------------------
Start RTL Component Statistics 
---------------------------------------------------------------------------------
Detailed RTL Component Info : 
+---Registers : 
	               16 Bit    Registers := 2     
	                2 Bit    Registers := 3     
+---Muxes : 
	   2 Input     16 Bit        Muxes := 1     
---------------------------------------------------------------------------------
Finished RTL Component Statistics 
---------------------------------------------------------------------------------
---------------------------------------------------------------------------------
Start RTL Hierarchical Component Statistics 
---------------------------------------------------------------------------------
Hierarchical RTL Component report 
Module io_regs 
Detailed RTL Component Info : 
+---Registers : 
	               16 Bit    Registers := 2     
	                2 Bit    Registers := 3     
+---Muxes : 
	   2 Input     16 Bit        Muxes := 1     
---------------------------------------------------------------------------------
Finished RTL Hierarchical Component Statistics
---------------------------------------------------------------------------------
---------------------------------------------------------------------------------
Start Part Resource Summary
---------------------------------------------------------------------------------
Part Resources:
DSPs: 240 (col length:80)
BRAMs: 270 (col length: RAMB18 80 RAMB36 40)
---------------------------------------------------------------------------------
Finished Part Resource Summary
---------------------------------------------------------------------------------
---------------------------------------------------------------------------------
Start Cross Boundary and Area Optimization
---------------------------------------------------------------------------------
Warning: Parallel synthesis criteria is not met 
WARNING: [Synth 8-3331] design risc16System_io_regs_0_0 has unconnected port addr[15]
WARNING: [Synth 8-3331] design risc16System_io_regs_0_0 has unconnected port addr[14]
WARNING: [Synth 8-3331] design risc16System_io_regs_0_0 has unconnected port addr[13]
WARNING: [Synth 8-3331] design risc16System_io_regs_0_0 has unconnected port addr[12]
WARNING: [Synth 8-3331] design risc16System_io_regs_0_0 has unconnected port addr[11]
WARNING: [Synth 8-3331] design risc16System_io_regs_0_0 has unconnected port addr[10]
WARNING: [Synth 8-3331] design risc16System_io_regs_0_0 has unconnected port addr[9]
WARNING: [Synth 8-3331] design risc16System_io_regs_0_0 has unconnected port addr[8]
WARNING: [Synth 8-3331] design risc16System_io_regs_0_0 has unconnected port addr[7]
WARNING: [Synth 8-3331] design risc16System_io_regs_0_0 has unconnected port addr[6]
WARNING: [Synth 8-3331] design risc16System_io_regs_0_0 has unconnected port addr[5]
WARNING: [Synth 8-3331] design risc16System_io_regs_0_0 has unconnected port addr[4]
WARNING: [Synth 8-3331] design risc16System_io_regs_0_0 has unconnected port addr[3]
WARNING: [Synth 8-3331] design risc16System_io_regs_0_0 has unconnected port addr[2]
WARNING: [Synth 8-3331] design risc16System_io_regs_0_0 has unconnected port addr[1]
WARNING: [Synth 8-3331] design risc16System_io_regs_0_0 has unconnected port data[15]
WARNING: [Synth 8-3331] design risc16System_io_regs_0_0 has unconnected port data[14]
WARNING: [Synth 8-3331] design risc16System_io_regs_0_0 has unconnected port data[13]
WARNING: [Synth 8-3331] design risc16System_io_regs_0_0 has unconnected port data[12]
WARNING: [Synth 8-3331] design risc16System_io_regs_0_0 has unconnected port data[11]
WARNING: [Synth 8-3331] design risc16System_io_regs_0_0 has unconnected port data[10]
WARNING: [Synth 8-3331] design risc16System_io_regs_0_0 has unconnected port data[9]
WARNING: [Synth 8-3331] design risc16System_io_regs_0_0 has unconnected port data[8]
WARNING: [Synth 8-3331] design risc16System_io_regs_0_0 has unconnected port data[7]
WARNING: [Synth 8-3331] design risc16System_io_regs_0_0 has unconnected port data[6]
WARNING: [Synth 8-3331] design risc16System_io_regs_0_0 has unconnected port data[5]
WARNING: [Synth 8-3331] design risc16System_io_regs_0_0 has unconnected port data[4]
WARNING: [Synth 8-3331] design risc16System_io_regs_0_0 has unconnected port data[3]
WARNING: [Synth 8-3331] design risc16System_io_regs_0_0 has unconnected port data[2]
WARNING: [Synth 8-3331] design risc16System_io_regs_0_0 has unconnected port data[1]
WARNING: [Synth 8-3331] design risc16System_io_regs_0_0 has unconnected port data[0]
WARNING: [Synth 8-3331] design risc16System_io_regs_0_0 has unconnected port rw
---------------------------------------------------------------------------------
Finished Cross Boundary and Area Optimization : Time (s): cpu = 00:00:08 ; elapsed = 00:00:10 . Memory (MB): peak = 1778.406 ; gain = 415.398 ; free physical = 17534 ; free virtual = 25389
---------------------------------------------------------------------------------

Report RTL Partitions: 
+-+--------------+------------+----------+
| |RTL Partition |Replication |Instances |
+-+--------------+------------+----------+
+-+--------------+------------+----------+
---------------------------------------------------------------------------------
Start Applying XDC Timing Constraints
---------------------------------------------------------------------------------
---------------------------------------------------------------------------------
Finished Applying XDC Timing Constraints : Time (s): cpu = 00:00:14 ; elapsed = 00:00:15 . Memory (MB): peak = 1778.406 ; gain = 415.398 ; free physical = 17555 ; free virtual = 25410
---------------------------------------------------------------------------------
---------------------------------------------------------------------------------
Start Timing Optimization
---------------------------------------------------------------------------------
---------------------------------------------------------------------------------
Finished Timing Optimization : Time (s): cpu = 00:00:14 ; elapsed = 00:00:15 . Memory (MB): peak = 1778.406 ; gain = 415.398 ; free physical = 17555 ; free virtual = 25410
---------------------------------------------------------------------------------

Report RTL Partitions: 
+-+--------------+------------+----------+
| |RTL Partition |Replication |Instances |
+-+--------------+------------+----------+
+-+--------------+------------+----------+
---------------------------------------------------------------------------------
Start Technology Mapping
---------------------------------------------------------------------------------
---------------------------------------------------------------------------------
Finished Technology Mapping : Time (s): cpu = 00:00:14 ; elapsed = 00:00:15 . Memory (MB): peak = 1778.406 ; gain = 415.398 ; free physical = 17554 ; free virtual = 25409
---------------------------------------------------------------------------------

Report RTL Partitions: 
+-+--------------+------------+----------+
| |RTL Partition |Replication |Instances |
+-+--------------+------------+----------+
+-+--------------+------------+----------+
---------------------------------------------------------------------------------
Start IO Insertion
---------------------------------------------------------------------------------
---------------------------------------------------------------------------------
Start Flattening Before IO Insertion
---------------------------------------------------------------------------------
---------------------------------------------------------------------------------
Finished Flattening Before IO Insertion
---------------------------------------------------------------------------------
---------------------------------------------------------------------------------
Start Final Netlist Cleanup
---------------------------------------------------------------------------------
---------------------------------------------------------------------------------
Finished Final Netlist Cleanup
---------------------------------------------------------------------------------
---------------------------------------------------------------------------------
Finished IO Insertion : Time (s): cpu = 00:00:14 ; elapsed = 00:00:16 . Memory (MB): peak = 1778.406 ; gain = 415.398 ; free physical = 17557 ; free virtual = 25412
---------------------------------------------------------------------------------

Report Check Netlist: 
+------+------------------+-------+---------+-------+------------------+
|      |Item              |Errors |Warnings |Status |Description       |
+------+------------------+-------+---------+-------+------------------+
|1     |multi_driven_nets |      0|        0|Passed |Multi driven nets |
+------+------------------+-------+---------+-------+------------------+
---------------------------------------------------------------------------------
Start Renaming Generated Instances
---------------------------------------------------------------------------------
---------------------------------------------------------------------------------
Finished Renaming Generated Instances : Time (s): cpu = 00:00:14 ; elapsed = 00:00:16 . Memory (MB): peak = 1778.406 ; gain = 415.398 ; free physical = 17557 ; free virtual = 25412
---------------------------------------------------------------------------------

Report RTL Partitions: 
+-+--------------+------------+----------+
| |RTL Partition |Replication |Instances |
+-+--------------+------------+----------+
+-+--------------+------------+----------+
---------------------------------------------------------------------------------
Start Rebuilding User Hierarchy
---------------------------------------------------------------------------------
---------------------------------------------------------------------------------
Finished Rebuilding User Hierarchy : Time (s): cpu = 00:00:14 ; elapsed = 00:00:16 . Memory (MB): peak = 1778.406 ; gain = 415.398 ; free physical = 17557 ; free virtual = 25412
---------------------------------------------------------------------------------
---------------------------------------------------------------------------------
Start Renaming Generated Ports
---------------------------------------------------------------------------------
---------------------------------------------------------------------------------
Finished Renaming Generated Ports : Time (s): cpu = 00:00:14 ; elapsed = 00:00:16 . Memory (MB): peak = 1778.406 ; gain = 415.398 ; free physical = 17557 ; free virtual = 25412
---------------------------------------------------------------------------------
---------------------------------------------------------------------------------
Start Handling Custom Attributes
---------------------------------------------------------------------------------
---------------------------------------------------------------------------------
Finished Handling Custom Attributes : Time (s): cpu = 00:00:14 ; elapsed = 00:00:16 . Memory (MB): peak = 1778.406 ; gain = 415.398 ; free physical = 17541 ; free virtual = 25395
---------------------------------------------------------------------------------
---------------------------------------------------------------------------------
Start Renaming Generated Nets
---------------------------------------------------------------------------------
---------------------------------------------------------------------------------
Finished Renaming Generated Nets : Time (s): cpu = 00:00:14 ; elapsed = 00:00:16 . Memory (MB): peak = 1778.406 ; gain = 415.398 ; free physical = 17540 ; free virtual = 25395
---------------------------------------------------------------------------------
---------------------------------------------------------------------------------
Start Writing Synthesis Report
---------------------------------------------------------------------------------

Report BlackBoxes: 
+-+--------------+----------+
| |BlackBox name |Instances |
+-+--------------+----------+
+-+--------------+----------+

Report Cell Usage: 
+------+-----+------+
|      |Cell |Count |
+------+-----+------+
|1     |LUT2 |     3|
|2     |LUT3 |     3|
|3     |FDRE |    12|
+------+-----+------+

Report Instance Areas: 
+------+---------+--------+------+
|      |Instance |Module  |Cells |
+------+---------+--------+------+
|1     |top      |        |    18|
|2     |  inst   |io_regs |    18|
+------+---------+--------+------+
---------------------------------------------------------------------------------
Finished Writing Synthesis Report : Time (s): cpu = 00:00:14 ; elapsed = 00:00:16 . Memory (MB): peak = 1778.406 ; gain = 415.398 ; free physical = 17540 ; free virtual = 25395
---------------------------------------------------------------------------------
Synthesis finished with 0 errors, 0 critical warnings and 32 warnings.
Synthesis Optimization Runtime : Time (s): cpu = 00:00:11 ; elapsed = 00:00:12 . Memory (MB): peak = 1778.406 ; gain = 72.566 ; free physical = 17518 ; free virtual = 25373
Synthesis Optimization Complete : Time (s): cpu = 00:00:14 ; elapsed = 00:00:16 . Memory (MB): peak = 1778.406 ; gain = 415.398 ; free physical = 17518 ; free virtual = 25373
INFO: [Project 1-571] Translating synthesized netlist
INFO: [Project 1-570] Preparing netlist for logic optimization
INFO: [Opt 31-138] Pushed 0 inverter(s) to 0 load pin(s).
Netlist sorting complete. Time (s): cpu = 00:00:00 ; elapsed = 00:00:00 . Memory (MB): peak = 1778.406 ; gain = 0.000 ; free physical = 17314 ; free virtual = 25168
INFO: [Project 1-111] Unisim Transformation Summary:
No Unisim elements were transformed.

INFO: [Common 17-83] Releasing license: Synthesis
13 Infos, 65 Warnings, 0 Critical Warnings and 0 Errors encountered.
synth_design completed successfully
synth_design: Time (s): cpu = 00:00:16 ; elapsed = 00:00:17 . Memory (MB): peak = 1778.406 ; gain = 415.582 ; free physical = 17362 ; free virtual = 25217
Netlist sorting complete. Time (s): cpu = 00:00:00.01 ; elapsed = 00:00:00 . Memory (MB): peak = 1778.406 ; gain = 0.000 ; free physical = 17362 ; free virtual = 25217
WARNING: [Constraints 18-5210] No constraints selected for write.
Resolution: This message can indicate that there are no constraints for the design, or it can indicate that the used_in flags are set such that the constraints are ignored. This later case is used when running synth_design to not write synthesis constraints to the resulting checkpoint. Instead, project constraints are read when the synthesized design is opened.
INFO: [Common 17-1381] The checkpoint '/home/rootie/devel/homebrew-computer/implementation/risc16/risc16.runs/risc16System_io_regs_0_0_synth_1/risc16System_io_regs_0_0.dcp' has been generated.
Netlist sorting complete. Time (s): cpu = 00:00:00 ; elapsed = 00:00:00 . Memory (MB): peak = 1802.418 ; gain = 0.000 ; free physical = 17748 ; free virtual = 25603
WARNING: [Constraints 18-5210] No constraints selected for write.
Resolution: This message can indicate that there are no constraints for the design, or it can indicate that the used_in flags are set such that the constraints are ignored. This later case is used when running synth_design to not write synthesis constraints to the resulting checkpoint. Instead, project constraints are read when the synthesized design is opened.
INFO: [Common 17-1381] The checkpoint '/home/rootie/devel/homebrew-computer/implementation/risc16/risc16.runs/risc16System_io_regs_0_0_synth_1/risc16System_io_regs_0_0.dcp' has been generated.
INFO: [runtcl-4] Executing : report_utilization -file risc16System_io_regs_0_0_utilization_synth.rpt -pb risc16System_io_regs_0_0_utilization_synth.pb
INFO: [Common 17-206] Exiting Vivado at Sat Nov 30 17:25:29 2019...
