
*** Running vivado
    with args -log risc16System_Video_Buffer_0_0.vds -m64 -product Vivado -mode batch -messageDb vivado.pb -notrace -source risc16System_Video_Buffer_0_0.tcl


****** Vivado v2018.3 (64-bit)
  **** SW Build 2405991 on Thu Dec  6 23:36:41 MST 2018
  **** IP Build 2404404 on Fri Dec  7 01:43:56 MST 2018
    ** Copyright 1986-2018 Xilinx, Inc. All Rights Reserved.

Sourcing tcl script '/home/rootie/.Xilinx/Vivado/Vivado_init.tcl'
source risc16System_Video_Buffer_0_0.tcl -notrace
Command: synth_design -top risc16System_Video_Buffer_0_0 -part xc7a100tcsg324-1 -mode out_of_context
Starting synth_design
Attempting to get a license for feature 'Synthesis' and/or device 'xc7a100t'
INFO: [Common 17-349] Got license for feature 'Synthesis' and/or device 'xc7a100t'
INFO: Launching helper process for spawning children vivado processes
INFO: Helper process launched with PID 18319 
---------------------------------------------------------------------------------
Starting RTL Elaboration : Time (s): cpu = 00:00:02 ; elapsed = 00:00:03 . Memory (MB): peak = 1423.984 ; gain = 25.867 ; free physical = 1367 ; free virtual = 8480
---------------------------------------------------------------------------------
INFO: [Synth 8-6157] synthesizing module 'risc16System_Video_Buffer_0_0' [/home/rootie/devel/homebrew-computer/implementation/risc16/risc16.srcs/sources_1/bd/risc16System/ip/risc16System_Video_Buffer_0_0/synth/risc16System_Video_Buffer_0_0.v:58]
INFO: [Synth 8-6157] synthesizing module 'Video_Buffer' [/home/rootie/devel/homebrew-computer/implementation/risc16/risc16.srcs/sources_1/new/Video_Buffer.v:23]
INFO: [Synth 8-6155] done synthesizing module 'Video_Buffer' (1#1) [/home/rootie/devel/homebrew-computer/implementation/risc16/risc16.srcs/sources_1/new/Video_Buffer.v:23]
INFO: [Synth 8-6155] done synthesizing module 'risc16System_Video_Buffer_0_0' (2#1) [/home/rootie/devel/homebrew-computer/implementation/risc16/risc16.srcs/sources_1/bd/risc16System/ip/risc16System_Video_Buffer_0_0/synth/risc16System_Video_Buffer_0_0.v:58]
---------------------------------------------------------------------------------
Finished RTL Elaboration : Time (s): cpu = 00:00:03 ; elapsed = 00:00:04 . Memory (MB): peak = 1468.734 ; gain = 70.617 ; free physical = 1399 ; free virtual = 8513
---------------------------------------------------------------------------------

Report Check Netlist: 
+------+------------------+-------+---------+-------+------------------+
|      |Item              |Errors |Warnings |Status |Description       |
+------+------------------+-------+---------+-------+------------------+
|1     |multi_driven_nets |      0|        0|Passed |Multi driven nets |
+------+------------------+-------+---------+-------+------------------+
---------------------------------------------------------------------------------
Start Handling Custom Attributes
---------------------------------------------------------------------------------
---------------------------------------------------------------------------------
Finished Handling Custom Attributes : Time (s): cpu = 00:00:03 ; elapsed = 00:00:04 . Memory (MB): peak = 1468.734 ; gain = 70.617 ; free physical = 1400 ; free virtual = 8514
---------------------------------------------------------------------------------
---------------------------------------------------------------------------------
Finished RTL Optimization Phase 1 : Time (s): cpu = 00:00:03 ; elapsed = 00:00:04 . Memory (MB): peak = 1468.734 ; gain = 70.617 ; free physical = 1400 ; free virtual = 8514
---------------------------------------------------------------------------------
INFO: [Device 21-403] Loading part xc7a100tcsg324-1
INFO: [Project 1-570] Preparing netlist for logic optimization

Processing XDC Constraints
Initializing timing engine
Completed Processing XDC Constraints

Netlist sorting complete. Time (s): cpu = 00:00:00 ; elapsed = 00:00:00 . Memory (MB): peak = 1810.566 ; gain = 0.000 ; free physical = 643 ; free virtual = 7757
INFO: [Project 1-111] Unisim Transformation Summary:
No Unisim elements were transformed.

Netlist sorting complete. Time (s): cpu = 00:00:00 ; elapsed = 00:00:00 . Memory (MB): peak = 1810.566 ; gain = 0.000 ; free physical = 644 ; free virtual = 7757
WARNING: [Constraints 18-5210] No constraints selected for write.
Resolution: This message can indicate that there are no constraints for the design, or it can indicate that the used_in flags are set such that the constraints are ignored. This later case is used when running synth_design to not write synthesis constraints to the resulting checkpoint. Instead, project constraints are read when the synthesized design is opened.
Constraint Validation Runtime : Time (s): cpu = 00:00:00.06 ; elapsed = 00:00:00.11 . Memory (MB): peak = 1812.566 ; gain = 2.000 ; free physical = 635 ; free virtual = 7748
---------------------------------------------------------------------------------
Finished Constraint Validation : Time (s): cpu = 00:00:09 ; elapsed = 00:00:10 . Memory (MB): peak = 1812.566 ; gain = 414.449 ; free physical = 802 ; free virtual = 7915
---------------------------------------------------------------------------------
---------------------------------------------------------------------------------
Start Loading Part and Timing Information
---------------------------------------------------------------------------------
Loading part: xc7a100tcsg324-1
---------------------------------------------------------------------------------
Finished Loading Part and Timing Information : Time (s): cpu = 00:00:09 ; elapsed = 00:00:10 . Memory (MB): peak = 1812.566 ; gain = 414.449 ; free physical = 804 ; free virtual = 7917
---------------------------------------------------------------------------------
---------------------------------------------------------------------------------
Start Applying 'set_property' XDC Constraints
---------------------------------------------------------------------------------
---------------------------------------------------------------------------------
Finished applying 'set_property' XDC Constraints : Time (s): cpu = 00:00:09 ; elapsed = 00:00:10 . Memory (MB): peak = 1812.566 ; gain = 414.449 ; free physical = 809 ; free virtual = 7923
---------------------------------------------------------------------------------
WARNING: [Synth 8-3936] Found unconnected internal register 'colors_reg[0]' and it is trimmed from '16' to '4' bits. [/home/rootie/devel/homebrew-computer/implementation/risc16/risc16.srcs/sources_1/new/Video_Buffer.v:37]
WARNING: [Synth 8-3936] Found unconnected internal register 'colors_reg[1]' and it is trimmed from '16' to '4' bits. [/home/rootie/devel/homebrew-computer/implementation/risc16/risc16.srcs/sources_1/new/Video_Buffer.v:37]
WARNING: [Synth 8-3936] Found unconnected internal register 'colors_reg[2]' and it is trimmed from '16' to '4' bits. [/home/rootie/devel/homebrew-computer/implementation/risc16/risc16.srcs/sources_1/new/Video_Buffer.v:37]
INFO: [Synth 8-5546] ROM "colors_reg[2]" won't be mapped to RAM because it is too sparse
INFO: [Synth 8-5546] ROM "colors_reg[1]" won't be mapped to RAM because it is too sparse
INFO: [Synth 8-5546] ROM "colors_reg[0]" won't be mapped to RAM because it is too sparse
---------------------------------------------------------------------------------
Finished RTL Optimization Phase 2 : Time (s): cpu = 00:00:09 ; elapsed = 00:00:11 . Memory (MB): peak = 1812.566 ; gain = 414.449 ; free physical = 828 ; free virtual = 7943
---------------------------------------------------------------------------------

Report RTL Partitions: 
+-+--------------+------------+----------+
| |RTL Partition |Replication |Instances |
+-+--------------+------------+----------+
+-+--------------+------------+----------+
---------------------------------------------------------------------------------
Start RTL Component Statistics 
---------------------------------------------------------------------------------
Detailed RTL Component Info : 
+---Registers : 
	                4 Bit    Registers := 3     
+---Muxes : 
	   2 Input      1 Bit        Muxes := 3     
---------------------------------------------------------------------------------
Finished RTL Component Statistics 
---------------------------------------------------------------------------------
---------------------------------------------------------------------------------
Start RTL Hierarchical Component Statistics 
---------------------------------------------------------------------------------
Hierarchical RTL Component report 
Module Video_Buffer 
Detailed RTL Component Info : 
+---Registers : 
	                4 Bit    Registers := 3     
+---Muxes : 
	   2 Input      1 Bit        Muxes := 3     
---------------------------------------------------------------------------------
Finished RTL Hierarchical Component Statistics
---------------------------------------------------------------------------------
---------------------------------------------------------------------------------
Start Part Resource Summary
---------------------------------------------------------------------------------
Part Resources:
DSPs: 240 (col length:80)
BRAMs: 270 (col length: RAMB18 80 RAMB36 40)
---------------------------------------------------------------------------------
Finished Part Resource Summary
---------------------------------------------------------------------------------
---------------------------------------------------------------------------------
Start Cross Boundary and Area Optimization
---------------------------------------------------------------------------------
Warning: Parallel synthesis criteria is not met 
INFO: [Synth 8-5546] ROM "inst/colors_reg[0]" won't be mapped to RAM because it is too sparse
INFO: [Synth 8-5546] ROM "inst/colors_reg[1]" won't be mapped to RAM because it is too sparse
INFO: [Synth 8-5546] ROM "inst/colors_reg[2]" won't be mapped to RAM because it is too sparse
WARNING: [Synth 8-3331] design risc16System_Video_Buffer_0_0 has unconnected port data[15]
WARNING: [Synth 8-3331] design risc16System_Video_Buffer_0_0 has unconnected port data[14]
WARNING: [Synth 8-3331] design risc16System_Video_Buffer_0_0 has unconnected port data[13]
WARNING: [Synth 8-3331] design risc16System_Video_Buffer_0_0 has unconnected port data[12]
WARNING: [Synth 8-3331] design risc16System_Video_Buffer_0_0 has unconnected port data[11]
WARNING: [Synth 8-3331] design risc16System_Video_Buffer_0_0 has unconnected port data[10]
WARNING: [Synth 8-3331] design risc16System_Video_Buffer_0_0 has unconnected port data[9]
WARNING: [Synth 8-3331] design risc16System_Video_Buffer_0_0 has unconnected port data[8]
WARNING: [Synth 8-3331] design risc16System_Video_Buffer_0_0 has unconnected port data[7]
WARNING: [Synth 8-3331] design risc16System_Video_Buffer_0_0 has unconnected port data[6]
WARNING: [Synth 8-3331] design risc16System_Video_Buffer_0_0 has unconnected port data[5]
WARNING: [Synth 8-3331] design risc16System_Video_Buffer_0_0 has unconnected port data[4]
---------------------------------------------------------------------------------
Finished Cross Boundary and Area Optimization : Time (s): cpu = 00:00:09 ; elapsed = 00:00:11 . Memory (MB): peak = 1812.566 ; gain = 414.449 ; free physical = 797 ; free virtual = 7916
---------------------------------------------------------------------------------

Report RTL Partitions: 
+-+--------------+------------+----------+
| |RTL Partition |Replication |Instances |
+-+--------------+------------+----------+
+-+--------------+------------+----------+
---------------------------------------------------------------------------------
Start Applying XDC Timing Constraints
---------------------------------------------------------------------------------
---------------------------------------------------------------------------------
Finished Applying XDC Timing Constraints : Time (s): cpu = 00:00:15 ; elapsed = 00:00:17 . Memory (MB): peak = 1812.566 ; gain = 414.449 ; free physical = 443 ; free virtual = 7561
---------------------------------------------------------------------------------
---------------------------------------------------------------------------------
Start Timing Optimization
---------------------------------------------------------------------------------
---------------------------------------------------------------------------------
Finished Timing Optimization : Time (s): cpu = 00:00:15 ; elapsed = 00:00:17 . Memory (MB): peak = 1812.566 ; gain = 414.449 ; free physical = 442 ; free virtual = 7560
---------------------------------------------------------------------------------

Report RTL Partitions: 
+-+--------------+------------+----------+
| |RTL Partition |Replication |Instances |
+-+--------------+------------+----------+
+-+--------------+------------+----------+
---------------------------------------------------------------------------------
Start Technology Mapping
---------------------------------------------------------------------------------
---------------------------------------------------------------------------------
Finished Technology Mapping : Time (s): cpu = 00:00:15 ; elapsed = 00:00:17 . Memory (MB): peak = 1812.566 ; gain = 414.449 ; free physical = 437 ; free virtual = 7555
---------------------------------------------------------------------------------

Report RTL Partitions: 
+-+--------------+------------+----------+
| |RTL Partition |Replication |Instances |
+-+--------------+------------+----------+
+-+--------------+------------+----------+
---------------------------------------------------------------------------------
Start IO Insertion
---------------------------------------------------------------------------------
---------------------------------------------------------------------------------
Start Flattening Before IO Insertion
---------------------------------------------------------------------------------
---------------------------------------------------------------------------------
Finished Flattening Before IO Insertion
---------------------------------------------------------------------------------
---------------------------------------------------------------------------------
Start Final Netlist Cleanup
---------------------------------------------------------------------------------
---------------------------------------------------------------------------------
Finished Final Netlist Cleanup
---------------------------------------------------------------------------------
---------------------------------------------------------------------------------
Finished IO Insertion : Time (s): cpu = 00:00:16 ; elapsed = 00:00:18 . Memory (MB): peak = 1812.566 ; gain = 414.449 ; free physical = 408 ; free virtual = 7528
---------------------------------------------------------------------------------

Report Check Netlist: 
+------+------------------+-------+---------+-------+------------------+
|      |Item              |Errors |Warnings |Status |Description       |
+------+------------------+-------+---------+-------+------------------+
|1     |multi_driven_nets |      0|        0|Passed |Multi driven nets |
+------+------------------+-------+---------+-------+------------------+
---------------------------------------------------------------------------------
Start Renaming Generated Instances
---------------------------------------------------------------------------------
---------------------------------------------------------------------------------
Finished Renaming Generated Instances : Time (s): cpu = 00:00:16 ; elapsed = 00:00:18 . Memory (MB): peak = 1812.566 ; gain = 414.449 ; free physical = 408 ; free virtual = 7528
---------------------------------------------------------------------------------

Report RTL Partitions: 
+-+--------------+------------+----------+
| |RTL Partition |Replication |Instances |
+-+--------------+------------+----------+
+-+--------------+------------+----------+
---------------------------------------------------------------------------------
Start Rebuilding User Hierarchy
---------------------------------------------------------------------------------
---------------------------------------------------------------------------------
Finished Rebuilding User Hierarchy : Time (s): cpu = 00:00:16 ; elapsed = 00:00:18 . Memory (MB): peak = 1812.566 ; gain = 414.449 ; free physical = 408 ; free virtual = 7528
---------------------------------------------------------------------------------
---------------------------------------------------------------------------------
Start Renaming Generated Ports
---------------------------------------------------------------------------------
---------------------------------------------------------------------------------
Finished Renaming Generated Ports : Time (s): cpu = 00:00:16 ; elapsed = 00:00:18 . Memory (MB): peak = 1812.566 ; gain = 414.449 ; free physical = 408 ; free virtual = 7528
---------------------------------------------------------------------------------
---------------------------------------------------------------------------------
Start Handling Custom Attributes
---------------------------------------------------------------------------------
---------------------------------------------------------------------------------
Finished Handling Custom Attributes : Time (s): cpu = 00:00:16 ; elapsed = 00:00:18 . Memory (MB): peak = 1812.566 ; gain = 414.449 ; free physical = 408 ; free virtual = 7528
---------------------------------------------------------------------------------
---------------------------------------------------------------------------------
Start Renaming Generated Nets
---------------------------------------------------------------------------------
---------------------------------------------------------------------------------
Finished Renaming Generated Nets : Time (s): cpu = 00:00:16 ; elapsed = 00:00:18 . Memory (MB): peak = 1812.566 ; gain = 414.449 ; free physical = 408 ; free virtual = 7528
---------------------------------------------------------------------------------
---------------------------------------------------------------------------------
Start Writing Synthesis Report
---------------------------------------------------------------------------------

Report BlackBoxes: 
+-+--------------+----------+
| |BlackBox name |Instances |
+-+--------------+----------+
+-+--------------+----------+

Report Cell Usage: 
+------+-----+------+
|      |Cell |Count |
+------+-----+------+
|1     |LUT4 |     6|
|2     |LUT5 |     3|
|3     |FDRE |    12|
+------+-----+------+

Report Instance Areas: 
+------+---------+-------------+------+
|      |Instance |Module       |Cells |
+------+---------+-------------+------+
|1     |top      |             |    21|
|2     |  inst   |Video_Buffer |    21|
+------+---------+-------------+------+
---------------------------------------------------------------------------------
Finished Writing Synthesis Report : Time (s): cpu = 00:00:16 ; elapsed = 00:00:18 . Memory (MB): peak = 1812.566 ; gain = 414.449 ; free physical = 408 ; free virtual = 7528
---------------------------------------------------------------------------------
Synthesis finished with 0 errors, 0 critical warnings and 15 warnings.
Synthesis Optimization Runtime : Time (s): cpu = 00:00:13 ; elapsed = 00:00:14 . Memory (MB): peak = 1812.566 ; gain = 70.617 ; free physical = 463 ; free virtual = 7583
Synthesis Optimization Complete : Time (s): cpu = 00:00:16 ; elapsed = 00:00:18 . Memory (MB): peak = 1812.566 ; gain = 414.449 ; free physical = 463 ; free virtual = 7583
INFO: [Project 1-571] Translating synthesized netlist
INFO: [Project 1-570] Preparing netlist for logic optimization
INFO: [Opt 31-138] Pushed 0 inverter(s) to 0 load pin(s).
Netlist sorting complete. Time (s): cpu = 00:00:00.01 ; elapsed = 00:00:00 . Memory (MB): peak = 1812.566 ; gain = 0.000 ; free physical = 423 ; free virtual = 7542
INFO: [Project 1-111] Unisim Transformation Summary:
No Unisim elements were transformed.

INFO: [Common 17-83] Releasing license: Synthesis
19 Infos, 16 Warnings, 0 Critical Warnings and 0 Errors encountered.
synth_design completed successfully
synth_design: Time (s): cpu = 00:00:19 ; elapsed = 00:00:19 . Memory (MB): peak = 1812.566 ; gain = 414.582 ; free physical = 473 ; free virtual = 7592
Netlist sorting complete. Time (s): cpu = 00:00:00 ; elapsed = 00:00:00 . Memory (MB): peak = 1812.566 ; gain = 0.000 ; free physical = 472 ; free virtual = 7592
WARNING: [Constraints 18-5210] No constraints selected for write.
Resolution: This message can indicate that there are no constraints for the design, or it can indicate that the used_in flags are set such that the constraints are ignored. This later case is used when running synth_design to not write synthesis constraints to the resulting checkpoint. Instead, project constraints are read when the synthesized design is opened.
INFO: [Common 17-1381] The checkpoint '/home/rootie/devel/homebrew-computer/implementation/risc16/risc16.runs/risc16System_Video_Buffer_0_0_synth_1/risc16System_Video_Buffer_0_0.dcp' has been generated.
Netlist sorting complete. Time (s): cpu = 00:00:00 ; elapsed = 00:00:00.01 . Memory (MB): peak = 1836.578 ; gain = 0.000 ; free physical = 550 ; free virtual = 7670
WARNING: [Constraints 18-5210] No constraints selected for write.
Resolution: This message can indicate that there are no constraints for the design, or it can indicate that the used_in flags are set such that the constraints are ignored. This later case is used when running synth_design to not write synthesis constraints to the resulting checkpoint. Instead, project constraints are read when the synthesized design is opened.
INFO: [Common 17-1381] The checkpoint '/home/rootie/devel/homebrew-computer/implementation/risc16/risc16.runs/risc16System_Video_Buffer_0_0_synth_1/risc16System_Video_Buffer_0_0.dcp' has been generated.
INFO: [runtcl-4] Executing : report_utilization -file risc16System_Video_Buffer_0_0_utilization_synth.rpt -pb risc16System_Video_Buffer_0_0_utilization_synth.pb
INFO: [Common 17-206] Exiting Vivado at Sun Oct  6 02:02:16 2019...
